2025-10-23T00:05:11.928+02:00  INFO 18100 --- [main] com.virtualpet.api.ApiApplication        : Starting ApiApplication using Java 21.0.8 with PID 18100 (C:\Users\User\IdeaProjects\MascotaBackend\target\classes started by User in C:\Users\User\IdeaProjects\MascotaBackend)
2025-10-23T00:05:11.935+02:00 DEBUG 18100 --- [main] com.virtualpet.api.ApiApplication        : Running with Spring Boot v3.5.5, Spring v6.2.10
2025-10-23T00:05:11.937+02:00  INFO 18100 --- [main] com.virtualpet.api.ApiApplication        : No active profile set, falling back to 1 default profile: "default"
2025-10-23T00:05:12.956+02:00  INFO 18100 --- [main] .s.d.r.c.RepositoryConfigurationDelegate : Bootstrapping Spring Data JPA repositories in DEFAULT mode.
2025-10-23T00:05:13.024+02:00  INFO 18100 --- [main] .s.d.r.c.RepositoryConfigurationDelegate : Finished Spring Data repository scanning in 57 ms. Found 2 JPA repository interfaces.
2025-10-23T00:05:13.662+02:00  INFO 18100 --- [main] o.s.b.w.embedded.tomcat.TomcatWebServer  : Tomcat initialized with port 8080 (http)
2025-10-23T00:05:13.685+02:00  INFO 18100 --- [main] o.apache.catalina.core.StandardService   : Starting service [Tomcat]
2025-10-23T00:05:13.686+02:00  INFO 18100 --- [main] o.apache.catalina.core.StandardEngine    : Starting Servlet engine: [Apache Tomcat/10.1.44]
2025-10-23T00:05:13.789+02:00  INFO 18100 --- [main] o.a.c.c.C.[Tomcat].[localhost].[/]       : Initializing Spring embedded WebApplicationContext
2025-10-23T00:05:13.790+02:00  INFO 18100 --- [main] w.s.c.ServletWebServerApplicationContext : Root WebApplicationContext: initialization completed in 1793 ms
2025-10-23T00:05:14.058+02:00  INFO 18100 --- [main] o.hibernate.jpa.internal.util.LogHelper  : HHH000204: Processing PersistenceUnitInfo [name: default]
2025-10-23T00:05:14.148+02:00  INFO 18100 --- [main] org.hibernate.Version                    : HHH000412: Hibernate ORM core version 6.6.26.Final
2025-10-23T00:05:14.212+02:00  INFO 18100 --- [main] o.h.c.internal.RegionFactoryInitiator    : HHH000026: Second-level cache disabled
2025-10-23T00:05:14.598+02:00  INFO 18100 --- [main] o.s.o.j.p.SpringPersistenceUnitInfo      : No LoadTimeWeaver setup: ignoring JPA class transformer
2025-10-23T00:05:14.634+02:00  INFO 18100 --- [main] com.zaxxer.hikari.HikariDataSource       : HikariPool-1 - Starting...
2025-10-23T00:05:14.847+02:00  INFO 18100 --- [main] com.zaxxer.hikari.pool.HikariPool        : HikariPool-1 - Added connection com.mysql.cj.jdbc.ConnectionImpl@2a99fa07
2025-10-23T00:05:14.849+02:00  INFO 18100 --- [main] com.zaxxer.hikari.HikariDataSource       : HikariPool-1 - Start completed.
2025-10-23T00:05:14.904+02:00  WARN 18100 --- [main] org.hibernate.orm.deprecation            : HHH90000025: MySQLDialect does not need to be specified explicitly using 'hibernate.dialect' (remove the property setting and it will be selected by default)
2025-10-23T00:05:14.921+02:00  INFO 18100 --- [main] org.hibernate.orm.connections.pooling    : HHH10001005: Database info:
	Database JDBC URL [Connecting through datasource 'HikariDataSource (HikariPool-1)']
	Database driver: undefined/unknown
	Database version: 8.0.44
	Autocommit mode: undefined/unknown
	Isolation level: undefined/unknown
	Minimum pool size: undefined/unknown
	Maximum pool size: undefined/unknown
2025-10-23T00:05:15.930+02:00  INFO 18100 --- [main] o.h.e.t.j.p.i.JtaPlatformInitiator       : HHH000489: No JTA platform available (set 'hibernate.transaction.jta.platform' to enable JTA platform integration)
2025-10-23T00:05:16.019+02:00  INFO 18100 --- [main] j.LocalContainerEntityManagerFactoryBean : Initialized JPA EntityManagerFactory for persistence unit 'default'
2025-10-23T00:05:16.347+02:00 DEBUG 18100 --- [main] c.v.a.s.config.JwtAuthenticationFilter   : Filter 'jwtAuthenticationFilter' configured for use
2025-10-23T00:05:16.493+02:00  WARN 18100 --- [main] r$InitializeUserDetailsManagerConfigurer : Global AuthenticationManager configured with an AuthenticationProvider bean. UserDetailsService beans will not be used by Spring Security for automatically configuring username/password login. Consider removing the AuthenticationProvider bean. Alternatively, consider using the UserDetailsService in a manually instantiated DaoAuthenticationProvider. If the current configuration is intentional, to turn off this warning, increase the logging level of 'org.springframework.security.config.annotation.authentication.configuration.InitializeUserDetailsBeanManagerConfigurer' to ERROR
2025-10-23T00:05:16.631+02:00  WARN 18100 --- [main] JpaBaseConfiguration$JpaWebConfiguration : spring.jpa.open-in-view is enabled by default. Therefore, database queries may be performed during view rendering. Explicitly configure spring.jpa.open-in-view to disable this warning
2025-10-23T00:05:17.497+02:00  INFO 18100 --- [main] o.s.b.w.embedded.tomcat.TomcatWebServer  : Tomcat started on port 8080 (http) with context path '/'
2025-10-23T00:05:17.505+02:00  INFO 18100 --- [main] com.virtualpet.api.ApiApplication        : Started ApiApplication in 6.196 seconds (process running for 7.049)
2025-10-23T00:05:45.681+02:00  INFO 18100 --- [http-nio-8080-exec-1] o.a.c.c.C.[Tomcat].[localhost].[/]       : Initializing Spring DispatcherServlet 'dispatcherServlet'
2025-10-23T00:05:45.681+02:00  INFO 18100 --- [http-nio-8080-exec-1] o.s.web.servlet.DispatcherServlet        : Initializing Servlet 'dispatcherServlet'
2025-10-23T00:05:45.690+02:00  INFO 18100 --- [http-nio-8080-exec-1] o.s.web.servlet.DispatcherServlet        : Completed initialization in 9 ms
2025-10-23T00:09:35.356+02:00  INFO 18100 --- [SpringApplicationShutdownHook] o.s.b.w.e.tomcat.GracefulShutdown        : Commencing graceful shutdown. Waiting for active requests to complete
2025-10-23T00:09:35.361+02:00  INFO 18100 --- [tomcat-shutdown] o.s.b.w.e.tomcat.GracefulShutdown        : Graceful shutdown complete
2025-10-23T00:09:35.367+02:00  INFO 18100 --- [SpringApplicationShutdownHook] j.LocalContainerEntityManagerFactoryBean : Closing JPA EntityManagerFactory for persistence unit 'default'
2025-10-23T00:09:35.369+02:00  INFO 18100 --- [SpringApplicationShutdownHook] com.zaxxer.hikari.HikariDataSource       : HikariPool-1 - Shutdown initiated...
2025-10-23T00:09:35.381+02:00  INFO 18100 --- [SpringApplicationShutdownHook] com.zaxxer.hikari.HikariDataSource       : HikariPool-1 - Shutdown completed.
2025-10-23T00:12:14.048+02:00  INFO 14200 --- [main] com.virtualpet.api.ApiApplication        : Starting ApiApplication using Java 21.0.8 with PID 14200 (C:\Users\User\IdeaProjects\MascotaBackend\target\classes started by User in C:\Users\User\IdeaProjects\MascotaBackend)
2025-10-23T00:12:14.050+02:00 DEBUG 14200 --- [main] com.virtualpet.api.ApiApplication        : Running with Spring Boot v3.5.5, Spring v6.2.10
2025-10-23T00:12:14.052+02:00  INFO 14200 --- [main] com.virtualpet.api.ApiApplication        : No active profile set, falling back to 1 default profile: "default"
2025-10-23T00:12:15.047+02:00  INFO 14200 --- [main] .s.d.r.c.RepositoryConfigurationDelegate : Bootstrapping Spring Data JPA repositories in DEFAULT mode.
2025-10-23T00:12:15.110+02:00  INFO 14200 --- [main] .s.d.r.c.RepositoryConfigurationDelegate : Finished Spring Data repository scanning in 52 ms. Found 2 JPA repository interfaces.
2025-10-23T00:12:15.729+02:00  INFO 14200 --- [main] o.s.b.w.embedded.tomcat.TomcatWebServer  : Tomcat initialized with port 8080 (http)
2025-10-23T00:12:15.745+02:00  INFO 14200 --- [main] o.apache.catalina.core.StandardService   : Starting service [Tomcat]
2025-10-23T00:12:15.745+02:00  INFO 14200 --- [main] o.apache.catalina.core.StandardEngine    : Starting Servlet engine: [Apache Tomcat/10.1.44]
2025-10-23T00:12:15.804+02:00  INFO 14200 --- [main] o.a.c.c.C.[Tomcat].[localhost].[/]       : Initializing Spring embedded WebApplicationContext
2025-10-23T00:12:15.805+02:00  INFO 14200 --- [main] w.s.c.ServletWebServerApplicationContext : Root WebApplicationContext: initialization completed in 1692 ms
2025-10-23T00:12:15.979+02:00  INFO 14200 --- [main] o.hibernate.jpa.internal.util.LogHelper  : HHH000204: Processing PersistenceUnitInfo [name: default]
2025-10-23T00:12:16.028+02:00  INFO 14200 --- [main] org.hibernate.Version                    : HHH000412: Hibernate ORM core version 6.6.26.Final
2025-10-23T00:12:16.062+02:00  INFO 14200 --- [main] o.h.c.internal.RegionFactoryInitiator    : HHH000026: Second-level cache disabled
2025-10-23T00:12:16.324+02:00  INFO 14200 --- [main] o.s.o.j.p.SpringPersistenceUnitInfo      : No LoadTimeWeaver setup: ignoring JPA class transformer
2025-10-23T00:12:16.357+02:00  INFO 14200 --- [main] com.zaxxer.hikari.HikariDataSource       : HikariPool-1 - Starting...
2025-10-23T00:12:16.521+02:00  INFO 14200 --- [main] com.zaxxer.hikari.pool.HikariPool        : HikariPool-1 - Added connection com.mysql.cj.jdbc.ConnectionImpl@4946485c
2025-10-23T00:12:16.523+02:00  INFO 14200 --- [main] com.zaxxer.hikari.HikariDataSource       : HikariPool-1 - Start completed.
2025-10-23T00:12:16.584+02:00  WARN 14200 --- [main] org.hibernate.orm.deprecation            : HHH90000025: MySQLDialect does not need to be specified explicitly using 'hibernate.dialect' (remove the property setting and it will be selected by default)
2025-10-23T00:12:16.601+02:00  INFO 14200 --- [main] org.hibernate.orm.connections.pooling    : HHH10001005: Database info:
	Database JDBC URL [Connecting through datasource 'HikariDataSource (HikariPool-1)']
	Database driver: undefined/unknown
	Database version: 8.0.44
	Autocommit mode: undefined/unknown
	Isolation level: undefined/unknown
	Minimum pool size: undefined/unknown
	Maximum pool size: undefined/unknown
2025-10-23T00:12:17.601+02:00  INFO 14200 --- [main] o.h.e.t.j.p.i.JtaPlatformInitiator       : HHH000489: No JTA platform available (set 'hibernate.transaction.jta.platform' to enable JTA platform integration)
2025-10-23T00:12:17.693+02:00  INFO 14200 --- [main] j.LocalContainerEntityManagerFactoryBean : Initialized JPA EntityManagerFactory for persistence unit 'default'
2025-10-23T00:12:18.080+02:00 DEBUG 14200 --- [main] c.v.a.s.config.JwtAuthenticationFilter   : Filter 'jwtAuthenticationFilter' configured for use
2025-10-23T00:12:18.247+02:00  WARN 14200 --- [main] r$InitializeUserDetailsManagerConfigurer : Global AuthenticationManager configured with an AuthenticationProvider bean. UserDetailsService beans will not be used by Spring Security for automatically configuring username/password login. Consider removing the AuthenticationProvider bean. Alternatively, consider using the UserDetailsService in a manually instantiated DaoAuthenticationProvider. If the current configuration is intentional, to turn off this warning, increase the logging level of 'org.springframework.security.config.annotation.authentication.configuration.InitializeUserDetailsBeanManagerConfigurer' to ERROR
2025-10-23T00:12:18.407+02:00  WARN 14200 --- [main] JpaBaseConfiguration$JpaWebConfiguration : spring.jpa.open-in-view is enabled by default. Therefore, database queries may be performed during view rendering. Explicitly configure spring.jpa.open-in-view to disable this warning
2025-10-23T00:12:19.311+02:00  INFO 14200 --- [main] o.s.b.w.embedded.tomcat.TomcatWebServer  : Tomcat started on port 8080 (http) with context path '/'
2025-10-23T00:12:19.320+02:00  INFO 14200 --- [main] com.virtualpet.api.ApiApplication        : Started ApiApplication in 5.896 seconds (process running for 6.73)
2025-10-23T00:13:06.036+02:00  INFO 14200 --- [http-nio-8080-exec-1] o.a.c.c.C.[Tomcat].[localhost].[/]       : Initializing Spring DispatcherServlet 'dispatcherServlet'
2025-10-23T00:13:06.036+02:00  INFO 14200 --- [http-nio-8080-exec-1] o.s.web.servlet.DispatcherServlet        : Initializing Servlet 'dispatcherServlet'
2025-10-23T00:13:06.038+02:00  INFO 14200 --- [http-nio-8080-exec-1] o.s.web.servlet.DispatcherServlet        : Completed initialization in 1 ms
2025-10-23T00:15:54.865+02:00  INFO 14200 --- [SpringApplicationShutdownHook] o.s.b.w.e.tomcat.GracefulShutdown        : Commencing graceful shutdown. Waiting for active requests to complete
2025-10-23T00:15:54.881+02:00  INFO 14200 --- [tomcat-shutdown] o.s.b.w.e.tomcat.GracefulShutdown        : Graceful shutdown complete
2025-10-23T00:15:54.888+02:00  INFO 14200 --- [SpringApplicationShutdownHook] j.LocalContainerEntityManagerFactoryBean : Closing JPA EntityManagerFactory for persistence unit 'default'
2025-10-23T00:15:54.888+02:00  INFO 14200 --- [SpringApplicationShutdownHook] com.zaxxer.hikari.HikariDataSource       : HikariPool-1 - Shutdown initiated...
2025-10-23T00:15:54.904+02:00  INFO 14200 --- [SpringApplicationShutdownHook] com.zaxxer.hikari.HikariDataSource       : HikariPool-1 - Shutdown completed.
2025-10-23T00:16:07.567+02:00  INFO 15556 --- [main] com.virtualpet.api.ApiApplication        : Starting ApiApplication using Java 21.0.8 with PID 15556 (C:\Users\User\IdeaProjects\MascotaBackend\target\classes started by User in C:\Users\User\IdeaProjects\MascotaBackend)
2025-10-23T00:16:07.569+02:00 DEBUG 15556 --- [main] com.virtualpet.api.ApiApplication        : Running with Spring Boot v3.5.5, Spring v6.2.10
2025-10-23T00:16:07.570+02:00  INFO 15556 --- [main] com.virtualpet.api.ApiApplication        : No active profile set, falling back to 1 default profile: "default"
2025-10-23T00:16:08.565+02:00  INFO 15556 --- [main] .s.d.r.c.RepositoryConfigurationDelegate : Bootstrapping Spring Data JPA repositories in DEFAULT mode.
2025-10-23T00:16:08.634+02:00  INFO 15556 --- [main] .s.d.r.c.RepositoryConfigurationDelegate : Finished Spring Data repository scanning in 57 ms. Found 2 JPA repository interfaces.
2025-10-23T00:16:09.284+02:00  INFO 15556 --- [main] o.s.b.w.embedded.tomcat.TomcatWebServer  : Tomcat initialized with port 8080 (http)
2025-10-23T00:16:09.302+02:00  INFO 15556 --- [main] o.apache.catalina.core.StandardService   : Starting service [Tomcat]
2025-10-23T00:16:09.302+02:00  INFO 15556 --- [main] o.apache.catalina.core.StandardEngine    : Starting Servlet engine: [Apache Tomcat/10.1.44]
2025-10-23T00:16:09.361+02:00  INFO 15556 --- [main] o.a.c.c.C.[Tomcat].[localhost].[/]       : Initializing Spring embedded WebApplicationContext
2025-10-23T00:16:09.361+02:00  INFO 15556 --- [main] w.s.c.ServletWebServerApplicationContext : Root WebApplicationContext: initialization completed in 1737 ms
2025-10-23T00:16:09.534+02:00  INFO 15556 --- [main] o.hibernate.jpa.internal.util.LogHelper  : HHH000204: Processing PersistenceUnitInfo [name: default]
2025-10-23T00:16:09.584+02:00  INFO 15556 --- [main] org.hibernate.Version                    : HHH000412: Hibernate ORM core version 6.6.26.Final
2025-10-23T00:16:09.617+02:00  INFO 15556 --- [main] o.h.c.internal.RegionFactoryInitiator    : HHH000026: Second-level cache disabled
2025-10-23T00:16:09.922+02:00  INFO 15556 --- [main] o.s.o.j.p.SpringPersistenceUnitInfo      : No LoadTimeWeaver setup: ignoring JPA class transformer
2025-10-23T00:16:09.954+02:00  INFO 15556 --- [main] com.zaxxer.hikari.HikariDataSource       : HikariPool-1 - Starting...
2025-10-23T00:16:10.144+02:00  INFO 15556 --- [main] com.zaxxer.hikari.pool.HikariPool        : HikariPool-1 - Added connection com.mysql.cj.jdbc.ConnectionImpl@22429a11
2025-10-23T00:16:10.147+02:00  INFO 15556 --- [main] com.zaxxer.hikari.HikariDataSource       : HikariPool-1 - Start completed.
2025-10-23T00:16:10.200+02:00  WARN 15556 --- [main] org.hibernate.orm.deprecation            : HHH90000025: MySQLDialect does not need to be specified explicitly using 'hibernate.dialect' (remove the property setting and it will be selected by default)
2025-10-23T00:16:10.217+02:00  INFO 15556 --- [main] org.hibernate.orm.connections.pooling    : HHH10001005: Database info:
	Database JDBC URL [Connecting through datasource 'HikariDataSource (HikariPool-1)']
	Database driver: undefined/unknown
	Database version: 8.0.44
	Autocommit mode: undefined/unknown
	Isolation level: undefined/unknown
	Minimum pool size: undefined/unknown
	Maximum pool size: undefined/unknown
2025-10-23T00:16:11.321+02:00  INFO 15556 --- [main] o.h.e.t.j.p.i.JtaPlatformInitiator       : HHH000489: No JTA platform available (set 'hibernate.transaction.jta.platform' to enable JTA platform integration)
2025-10-23T00:16:11.401+02:00  INFO 15556 --- [main] j.LocalContainerEntityManagerFactoryBean : Initialized JPA EntityManagerFactory for persistence unit 'default'
2025-10-23T00:16:11.752+02:00 DEBUG 15556 --- [main] c.v.a.s.config.JwtAuthenticationFilter   : Filter 'jwtAuthenticationFilter' configured for use
2025-10-23T00:16:11.908+02:00  WARN 15556 --- [main] r$InitializeUserDetailsManagerConfigurer : Global AuthenticationManager configured with an AuthenticationProvider bean. UserDetailsService beans will not be used by Spring Security for automatically configuring username/password login. Consider removing the AuthenticationProvider bean. Alternatively, consider using the UserDetailsService in a manually instantiated DaoAuthenticationProvider. If the current configuration is intentional, to turn off this warning, increase the logging level of 'org.springframework.security.config.annotation.authentication.configuration.InitializeUserDetailsBeanManagerConfigurer' to ERROR
2025-10-23T00:16:12.057+02:00  WARN 15556 --- [main] JpaBaseConfiguration$JpaWebConfiguration : spring.jpa.open-in-view is enabled by default. Therefore, database queries may be performed during view rendering. Explicitly configure spring.jpa.open-in-view to disable this warning
2025-10-23T00:16:12.943+02:00  INFO 15556 --- [main] o.s.b.w.embedded.tomcat.TomcatWebServer  : Tomcat started on port 8080 (http) with context path '/'
2025-10-23T00:16:12.952+02:00  INFO 15556 --- [main] com.virtualpet.api.ApiApplication        : Started ApiApplication in 5.977 seconds (process running for 6.772)
2025-10-23T00:16:13.054+02:00  INFO 15556 --- [http-nio-8080-exec-1] o.a.c.c.C.[Tomcat].[localhost].[/]       : Initializing Spring DispatcherServlet 'dispatcherServlet'
2025-10-23T00:16:13.056+02:00  INFO 15556 --- [http-nio-8080-exec-1] o.s.web.servlet.DispatcherServlet        : Initializing Servlet 'dispatcherServlet'
2025-10-23T00:16:13.057+02:00  INFO 15556 --- [http-nio-8080-exec-1] o.s.web.servlet.DispatcherServlet        : Completed initialization in 1 ms
2025-10-23T00:27:15.748+02:00  INFO 15556 --- [SpringApplicationShutdownHook] o.s.b.w.e.tomcat.GracefulShutdown        : Commencing graceful shutdown. Waiting for active requests to complete
2025-10-23T00:27:15.759+02:00  INFO 15556 --- [tomcat-shutdown] o.s.b.w.e.tomcat.GracefulShutdown        : Graceful shutdown complete
2025-10-23T00:27:15.767+02:00  INFO 15556 --- [SpringApplicationShutdownHook] j.LocalContainerEntityManagerFactoryBean : Closing JPA EntityManagerFactory for persistence unit 'default'
2025-10-23T00:27:15.771+02:00  INFO 15556 --- [SpringApplicationShutdownHook] com.zaxxer.hikari.HikariDataSource       : HikariPool-1 - Shutdown initiated...
2025-10-23T00:27:15.785+02:00  INFO 15556 --- [SpringApplicationShutdownHook] com.zaxxer.hikari.HikariDataSource       : HikariPool-1 - Shutdown completed.
2025-10-23T00:28:24.966+02:00  INFO 7852 --- [main] com.virtualpet.api.ApiApplication        : Starting ApiApplication using Java 21.0.8 with PID 7852 (C:\Users\User\IdeaProjects\MascotaBackend\target\classes started by User in C:\Users\User\IdeaProjects\MascotaBackend)
2025-10-23T00:28:24.969+02:00 DEBUG 7852 --- [main] com.virtualpet.api.ApiApplication        : Running with Spring Boot v3.5.5, Spring v6.2.10
2025-10-23T00:28:24.971+02:00  INFO 7852 --- [main] com.virtualpet.api.ApiApplication        : No active profile set, falling back to 1 default profile: "default"
2025-10-23T00:28:26.544+02:00  INFO 7852 --- [main] .s.d.r.c.RepositoryConfigurationDelegate : Bootstrapping Spring Data JPA repositories in DEFAULT mode.
2025-10-23T00:28:26.640+02:00  INFO 7852 --- [main] .s.d.r.c.RepositoryConfigurationDelegate : Finished Spring Data repository scanning in 79 ms. Found 2 JPA repository interfaces.
2025-10-23T00:28:27.385+02:00  INFO 344 --- [main] com.virtualpet.api.ApiApplication        : Starting ApiApplication using Java 21.0.8 with PID 344 (C:\Users\User\IdeaProjects\MascotaBackend\target\classes started by User in C:\Users\User\IdeaProjects\MascotaBackend)
2025-10-23T00:28:27.389+02:00 DEBUG 344 --- [main] com.virtualpet.api.ApiApplication        : Running with Spring Boot v3.5.5, Spring v6.2.10
2025-10-23T00:28:27.390+02:00  INFO 344 --- [main] com.virtualpet.api.ApiApplication        : No active profile set, falling back to 1 default profile: "default"
2025-10-23T00:28:27.703+02:00  INFO 7852 --- [main] o.s.b.w.embedded.tomcat.TomcatWebServer  : Tomcat initialized with port 8080 (http)
2025-10-23T00:28:27.725+02:00  INFO 7852 --- [main] o.apache.catalina.core.StandardService   : Starting service [Tomcat]
2025-10-23T00:28:27.726+02:00  INFO 7852 --- [main] o.apache.catalina.core.StandardEngine    : Starting Servlet engine: [Apache Tomcat/10.1.44]
2025-10-23T00:28:27.820+02:00  INFO 7852 --- [main] o.a.c.c.C.[Tomcat].[localhost].[/]       : Initializing Spring embedded WebApplicationContext
2025-10-23T00:28:27.820+02:00  INFO 7852 --- [main] w.s.c.ServletWebServerApplicationContext : Root WebApplicationContext: initialization completed in 2787 ms
2025-10-23T00:28:28.051+02:00  INFO 7852 --- [main] o.hibernate.jpa.internal.util.LogHelper  : HHH000204: Processing PersistenceUnitInfo [name: default]
2025-10-23T00:28:28.121+02:00  INFO 7852 --- [main] org.hibernate.Version                    : HHH000412: Hibernate ORM core version 6.6.26.Final
2025-10-23T00:28:28.166+02:00  INFO 7852 --- [main] o.h.c.internal.RegionFactoryInitiator    : HHH000026: Second-level cache disabled
2025-10-23T00:28:28.513+02:00  INFO 7852 --- [main] o.s.o.j.p.SpringPersistenceUnitInfo      : No LoadTimeWeaver setup: ignoring JPA class transformer
2025-10-23T00:28:28.554+02:00  INFO 7852 --- [main] com.zaxxer.hikari.HikariDataSource       : HikariPool-1 - Starting...
2025-10-23T00:28:28.568+02:00  INFO 344 --- [main] .s.d.r.c.RepositoryConfigurationDelegate : Bootstrapping Spring Data JPA repositories in DEFAULT mode.
2025-10-23T00:28:28.641+02:00  INFO 344 --- [main] .s.d.r.c.RepositoryConfigurationDelegate : Finished Spring Data repository scanning in 62 ms. Found 2 JPA repository interfaces.
2025-10-23T00:28:28.768+02:00  INFO 7852 --- [main] com.zaxxer.hikari.pool.HikariPool        : HikariPool-1 - Added connection com.mysql.cj.jdbc.ConnectionImpl@2adc1e84
2025-10-23T00:28:28.771+02:00  INFO 7852 --- [main] com.zaxxer.hikari.HikariDataSource       : HikariPool-1 - Start completed.
2025-10-23T00:28:28.835+02:00  WARN 7852 --- [main] org.hibernate.orm.deprecation            : HHH90000025: MySQLDialect does not need to be specified explicitly using 'hibernate.dialect' (remove the property setting and it will be selected by default)
2025-10-23T00:28:28.860+02:00  INFO 7852 --- [main] org.hibernate.orm.connections.pooling    : HHH10001005: Database info:
	Database JDBC URL [Connecting through datasource 'HikariDataSource (HikariPool-1)']
	Database driver: undefined/unknown
	Database version: 8.0.44
	Autocommit mode: undefined/unknown
	Isolation level: undefined/unknown
	Minimum pool size: undefined/unknown
	Maximum pool size: undefined/unknown
2025-10-23T00:28:29.411+02:00  INFO 344 --- [main] o.s.b.w.embedded.tomcat.TomcatWebServer  : Tomcat initialized with port 8080 (http)
2025-10-23T00:28:29.428+02:00  INFO 344 --- [main] o.apache.catalina.core.StandardService   : Starting service [Tomcat]
2025-10-23T00:28:29.429+02:00  INFO 344 --- [main] o.apache.catalina.core.StandardEngine    : Starting Servlet engine: [Apache Tomcat/10.1.44]
2025-10-23T00:28:29.493+02:00  INFO 344 --- [main] o.a.c.c.C.[Tomcat].[localhost].[/]       : Initializing Spring embedded WebApplicationContext
2025-10-23T00:28:29.494+02:00  INFO 344 --- [main] w.s.c.ServletWebServerApplicationContext : Root WebApplicationContext: initialization completed in 2039 ms
2025-10-23T00:28:29.687+02:00  INFO 344 --- [main] o.hibernate.jpa.internal.util.LogHelper  : HHH000204: Processing PersistenceUnitInfo [name: default]
2025-10-23T00:28:29.747+02:00  INFO 344 --- [main] org.hibernate.Version                    : HHH000412: Hibernate ORM core version 6.6.26.Final
2025-10-23T00:28:29.798+02:00  INFO 344 --- [main] o.h.c.internal.RegionFactoryInitiator    : HHH000026: Second-level cache disabled
2025-10-23T00:28:30.016+02:00  INFO 7852 --- [main] o.h.e.t.j.p.i.JtaPlatformInitiator       : HHH000489: No JTA platform available (set 'hibernate.transaction.jta.platform' to enable JTA platform integration)
2025-10-23T00:28:30.115+02:00  INFO 7852 --- [main] j.LocalContainerEntityManagerFactoryBean : Initialized JPA EntityManagerFactory for persistence unit 'default'
2025-10-23T00:28:30.129+02:00  INFO 344 --- [main] o.s.o.j.p.SpringPersistenceUnitInfo      : No LoadTimeWeaver setup: ignoring JPA class transformer
2025-10-23T00:28:30.162+02:00  INFO 344 --- [main] com.zaxxer.hikari.HikariDataSource       : HikariPool-1 - Starting...
2025-10-23T00:28:30.366+02:00  INFO 344 --- [main] com.zaxxer.hikari.pool.HikariPool        : HikariPool-1 - Added connection com.mysql.cj.jdbc.ConnectionImpl@2833c093
2025-10-23T00:28:30.369+02:00  INFO 344 --- [main] com.zaxxer.hikari.HikariDataSource       : HikariPool-1 - Start completed.
2025-10-23T00:28:30.424+02:00  WARN 344 --- [main] org.hibernate.orm.deprecation            : HHH90000025: MySQLDialect does not need to be specified explicitly using 'hibernate.dialect' (remove the property setting and it will be selected by default)
2025-10-23T00:28:30.444+02:00  INFO 344 --- [main] org.hibernate.orm.connections.pooling    : HHH10001005: Database info:
	Database JDBC URL [Connecting through datasource 'HikariDataSource (HikariPool-1)']
	Database driver: undefined/unknown
	Database version: 8.0.44
	Autocommit mode: undefined/unknown
	Isolation level: undefined/unknown
	Minimum pool size: undefined/unknown
	Maximum pool size: undefined/unknown
2025-10-23T00:28:30.509+02:00 DEBUG 7852 --- [main] c.v.a.s.config.JwtAuthenticationFilter   : Filter 'jwtAuthenticationFilter' configured for use
2025-10-23T00:28:30.749+02:00  WARN 7852 --- [main] r$InitializeUserDetailsManagerConfigurer : Global AuthenticationManager configured with an AuthenticationProvider bean. UserDetailsService beans will not be used by Spring Security for automatically configuring username/password login. Consider removing the AuthenticationProvider bean. Alternatively, consider using the UserDetailsService in a manually instantiated DaoAuthenticationProvider. If the current configuration is intentional, to turn off this warning, increase the logging level of 'org.springframework.security.config.annotation.authentication.configuration.InitializeUserDetailsBeanManagerConfigurer' to ERROR
2025-10-23T00:28:30.927+02:00  WARN 7852 --- [main] JpaBaseConfiguration$JpaWebConfiguration : spring.jpa.open-in-view is enabled by default. Therefore, database queries may be performed during view rendering. Explicitly configure spring.jpa.open-in-view to disable this warning
2025-10-23T00:28:31.737+02:00  INFO 344 --- [main] o.h.e.t.j.p.i.JtaPlatformInitiator       : HHH000489: No JTA platform available (set 'hibernate.transaction.jta.platform' to enable JTA platform integration)
2025-10-23T00:28:31.835+02:00  INFO 344 --- [main] j.LocalContainerEntityManagerFactoryBean : Initialized JPA EntityManagerFactory for persistence unit 'default'
2025-10-23T00:28:31.984+02:00  INFO 7852 --- [main] o.s.b.w.embedded.tomcat.TomcatWebServer  : Tomcat started on port 8080 (http) with context path '/'
2025-10-23T00:28:31.995+02:00  INFO 7852 --- [main] com.virtualpet.api.ApiApplication        : Started ApiApplication in 7.74 seconds (process running for 8.573)
2025-10-23T00:28:32.199+02:00 DEBUG 344 --- [main] c.v.a.s.config.JwtAuthenticationFilter   : Filter 'jwtAuthenticationFilter' configured for use
2025-10-23T00:28:32.363+02:00  WARN 344 --- [main] r$InitializeUserDetailsManagerConfigurer : Global AuthenticationManager configured with an AuthenticationProvider bean. UserDetailsService beans will not be used by Spring Security for automatically configuring username/password login. Consider removing the AuthenticationProvider bean. Alternatively, consider using the UserDetailsService in a manually instantiated DaoAuthenticationProvider. If the current configuration is intentional, to turn off this warning, increase the logging level of 'org.springframework.security.config.annotation.authentication.configuration.InitializeUserDetailsBeanManagerConfigurer' to ERROR
2025-10-23T00:28:32.515+02:00  WARN 344 --- [main] JpaBaseConfiguration$JpaWebConfiguration : spring.jpa.open-in-view is enabled by default. Therefore, database queries may be performed during view rendering. Explicitly configure spring.jpa.open-in-view to disable this warning
2025-10-23T00:28:33.374+02:00  WARN 344 --- [main] ConfigServletWebServerApplicationContext : Exception encountered during context initialization - cancelling refresh attempt: org.springframework.context.ApplicationContextException: Failed to start bean 'webServerStartStop'
2025-10-23T00:28:33.377+02:00  INFO 344 --- [main] j.LocalContainerEntityManagerFactoryBean : Closing JPA EntityManagerFactory for persistence unit 'default'
2025-10-23T00:28:33.379+02:00  INFO 344 --- [main] com.zaxxer.hikari.HikariDataSource       : HikariPool-1 - Shutdown initiated...
2025-10-23T00:28:33.391+02:00  INFO 344 --- [main] com.zaxxer.hikari.HikariDataSource       : HikariPool-1 - Shutdown completed.
2025-10-23T00:28:33.403+02:00  INFO 344 --- [main] .s.b.a.l.ConditionEvaluationReportLogger : 

Error starting ApplicationContext. To display the condition evaluation report re-run your application with 'debug' enabled.
2025-10-23T00:28:33.421+02:00 ERROR 344 --- [main] o.s.b.d.LoggingFailureAnalysisReporter   : 

***************************
APPLICATION FAILED TO START
***************************

Description:

Web server failed to start. Port 8080 was already in use.

Action:

Identify and stop the process that's listening on port 8080 or configure this application to listen on another port.

2025-10-23T00:28:43.384+02:00  INFO 7852 --- [SpringApplicationShutdownHook] o.s.b.w.e.tomcat.GracefulShutdown        : Commencing graceful shutdown. Waiting for active requests to complete
2025-10-23T00:28:43.397+02:00  INFO 7852 --- [tomcat-shutdown] o.s.b.w.e.tomcat.GracefulShutdown        : Graceful shutdown complete
2025-10-23T00:28:43.397+02:00  INFO 7852 --- [SpringApplicationShutdownHook] j.LocalContainerEntityManagerFactoryBean : Closing JPA EntityManagerFactory for persistence unit 'default'
2025-10-23T00:28:43.397+02:00  INFO 7852 --- [SpringApplicationShutdownHook] com.zaxxer.hikari.HikariDataSource       : HikariPool-1 - Shutdown initiated...
2025-10-23T00:28:43.414+02:00  INFO 7852 --- [SpringApplicationShutdownHook] com.zaxxer.hikari.HikariDataSource       : HikariPool-1 - Shutdown completed.
2025-10-23T00:28:48.976+02:00  INFO 10024 --- [main] com.virtualpet.api.ApiApplication        : Starting ApiApplication using Java 21.0.8 with PID 10024 (C:\Users\User\IdeaProjects\MascotaBackend\target\classes started by User in C:\Users\User\IdeaProjects\MascotaBackend)
2025-10-23T00:28:48.978+02:00 DEBUG 10024 --- [main] com.virtualpet.api.ApiApplication        : Running with Spring Boot v3.5.5, Spring v6.2.10
2025-10-23T00:28:48.979+02:00  INFO 10024 --- [main] com.virtualpet.api.ApiApplication        : No active profile set, falling back to 1 default profile: "default"
2025-10-23T00:28:49.931+02:00  INFO 10024 --- [main] .s.d.r.c.RepositoryConfigurationDelegate : Bootstrapping Spring Data JPA repositories in DEFAULT mode.
2025-10-23T00:28:49.991+02:00  INFO 10024 --- [main] .s.d.r.c.RepositoryConfigurationDelegate : Finished Spring Data repository scanning in 51 ms. Found 2 JPA repository interfaces.
2025-10-23T00:28:50.604+02:00  INFO 10024 --- [main] o.s.b.w.embedded.tomcat.TomcatWebServer  : Tomcat initialized with port 8080 (http)
2025-10-23T00:28:50.621+02:00  INFO 10024 --- [main] o.apache.catalina.core.StandardService   : Starting service [Tomcat]
2025-10-23T00:28:50.621+02:00  INFO 10024 --- [main] o.apache.catalina.core.StandardEngine    : Starting Servlet engine: [Apache Tomcat/10.1.44]
2025-10-23T00:28:50.677+02:00  INFO 10024 --- [main] o.a.c.c.C.[Tomcat].[localhost].[/]       : Initializing Spring embedded WebApplicationContext
2025-10-23T00:28:50.678+02:00  INFO 10024 --- [main] w.s.c.ServletWebServerApplicationContext : Root WebApplicationContext: initialization completed in 1646 ms
2025-10-23T00:28:50.848+02:00  INFO 10024 --- [main] o.hibernate.jpa.internal.util.LogHelper  : HHH000204: Processing PersistenceUnitInfo [name: default]
2025-10-23T00:28:50.900+02:00  INFO 10024 --- [main] org.hibernate.Version                    : HHH000412: Hibernate ORM core version 6.6.26.Final
2025-10-23T00:28:50.933+02:00  INFO 10024 --- [main] o.h.c.internal.RegionFactoryInitiator    : HHH000026: Second-level cache disabled
2025-10-23T00:28:51.281+02:00  INFO 10024 --- [main] o.s.o.j.p.SpringPersistenceUnitInfo      : No LoadTimeWeaver setup: ignoring JPA class transformer
2025-10-23T00:28:51.311+02:00  INFO 10024 --- [main] com.zaxxer.hikari.HikariDataSource       : HikariPool-1 - Starting...
2025-10-23T00:28:51.478+02:00  INFO 10024 --- [main] com.zaxxer.hikari.pool.HikariPool        : HikariPool-1 - Added connection com.mysql.cj.jdbc.ConnectionImpl@3ec7ad61
2025-10-23T00:28:51.480+02:00  INFO 10024 --- [main] com.zaxxer.hikari.HikariDataSource       : HikariPool-1 - Start completed.
2025-10-23T00:28:51.543+02:00  WARN 10024 --- [main] org.hibernate.orm.deprecation            : HHH90000025: MySQLDialect does not need to be specified explicitly using 'hibernate.dialect' (remove the property setting and it will be selected by default)
2025-10-23T00:28:51.562+02:00  INFO 10024 --- [main] org.hibernate.orm.connections.pooling    : HHH10001005: Database info:
	Database JDBC URL [Connecting through datasource 'HikariDataSource (HikariPool-1)']
	Database driver: undefined/unknown
	Database version: 8.0.44
	Autocommit mode: undefined/unknown
	Isolation level: undefined/unknown
	Minimum pool size: undefined/unknown
	Maximum pool size: undefined/unknown
2025-10-23T00:28:52.515+02:00  INFO 10024 --- [main] o.h.e.t.j.p.i.JtaPlatformInitiator       : HHH000489: No JTA platform available (set 'hibernate.transaction.jta.platform' to enable JTA platform integration)
2025-10-23T00:28:52.624+02:00  INFO 10024 --- [main] j.LocalContainerEntityManagerFactoryBean : Initialized JPA EntityManagerFactory for persistence unit 'default'
2025-10-23T00:28:52.981+02:00 DEBUG 10024 --- [main] c.v.a.s.config.JwtAuthenticationFilter   : Filter 'jwtAuthenticationFilter' configured for use
2025-10-23T00:28:53.133+02:00  WARN 10024 --- [main] r$InitializeUserDetailsManagerConfigurer : Global AuthenticationManager configured with an AuthenticationProvider bean. UserDetailsService beans will not be used by Spring Security for automatically configuring username/password login. Consider removing the AuthenticationProvider bean. Alternatively, consider using the UserDetailsService in a manually instantiated DaoAuthenticationProvider. If the current configuration is intentional, to turn off this warning, increase the logging level of 'org.springframework.security.config.annotation.authentication.configuration.InitializeUserDetailsBeanManagerConfigurer' to ERROR
2025-10-23T00:28:53.260+02:00  WARN 10024 --- [main] JpaBaseConfiguration$JpaWebConfiguration : spring.jpa.open-in-view is enabled by default. Therefore, database queries may be performed during view rendering. Explicitly configure spring.jpa.open-in-view to disable this warning
2025-10-23T00:28:54.124+02:00  INFO 10024 --- [main] o.s.b.w.embedded.tomcat.TomcatWebServer  : Tomcat started on port 8080 (http) with context path '/'
2025-10-23T00:28:54.133+02:00  INFO 10024 --- [main] com.virtualpet.api.ApiApplication        : Started ApiApplication in 5.748 seconds (process running for 6.538)
2025-10-23T00:29:06.030+02:00  INFO 10024 --- [http-nio-8080-exec-1] o.a.c.c.C.[Tomcat].[localhost].[/]       : Initializing Spring DispatcherServlet 'dispatcherServlet'
2025-10-23T00:29:06.031+02:00  INFO 10024 --- [http-nio-8080-exec-1] o.s.web.servlet.DispatcherServlet        : Initializing Servlet 'dispatcherServlet'
2025-10-23T00:29:06.032+02:00  INFO 10024 --- [http-nio-8080-exec-1] o.s.web.servlet.DispatcherServlet        : Completed initialization in 1 ms
2025-10-23T00:31:27.956+02:00  INFO 10024 --- [SpringApplicationShutdownHook] o.s.b.w.e.tomcat.GracefulShutdown        : Commencing graceful shutdown. Waiting for active requests to complete
2025-10-23T00:31:27.968+02:00  INFO 10024 --- [tomcat-shutdown] o.s.b.w.e.tomcat.GracefulShutdown        : Graceful shutdown complete
2025-10-23T00:31:27.975+02:00  INFO 10024 --- [SpringApplicationShutdownHook] j.LocalContainerEntityManagerFactoryBean : Closing JPA EntityManagerFactory for persistence unit 'default'
2025-10-23T00:31:27.975+02:00  INFO 10024 --- [SpringApplicationShutdownHook] com.zaxxer.hikari.HikariDataSource       : HikariPool-1 - Shutdown initiated...
2025-10-23T00:31:27.989+02:00  INFO 10024 --- [SpringApplicationShutdownHook] com.zaxxer.hikari.HikariDataSource       : HikariPool-1 - Shutdown completed.
